build/app/intermediates/manifest_merge_blame_file/release/manifest-merger-blame-release-report.txt
1<?xml version="1.0" encoding="utf-8"?>
2<manifest xmlns:android="http://schemas.android.com/apk/res/android"
3    package="co.appbrewery.clima"
4    android:versionCode="1"
5    android:versionName="1.0.0" >
6
7    <uses-sdk
8        android:minSdkVersion="16"
8-->src\main\AndroidManifest.xml
9        android:targetSdkVersion="29" />
9-->src\main\AndroidManifest.xml
10
11    <uses-permission android:name="android.permission.ACCESS_FINE_LOCATION" />
11-->src\main\AndroidManifest.xml:3:5-79
11-->src\main\AndroidManifest.xml:3:22-76
12    <uses-permission android:name="android.permission.ACCESS_COARSE_LOCATION" />
12-->src\main\AndroidManifest.xml:4:5-81
12-->src\main\AndroidManifest.xml:4:22-78
13    <!--
14     io.flutter.app.FlutterApplication is an android.app.Application that
15         calls FlutterMain.startInitialization(this); in its onCreate method.
16         In most cases you can leave this as-is, but you if you want to provide
17         additional functionality it is fine to subclass or reimplement
18         FlutterApplication and put your custom class here.
19    -->
20    <application
20-->src\main\AndroidManifest.xml:11:5-34:19
21        android:name="io.flutter.app.FlutterApplication"
21-->src\main\AndroidManifest.xml:12:9-57
22        android:appComponentFactory="androidx.core.app.CoreComponentFactory"
22-->[androidx.core:core:1.1.0] AndroidManifest.xml:24:18-86
23        android:icon="@mipmap/ic_launcher"
23-->src\main\AndroidManifest.xml:14:9-43
24        android:label="clima" >
24-->src\main\AndroidManifest.xml:13:9-30
25        <activity
25-->src\main\AndroidManifest.xml:15:9-33:20
26            android:name="co.appbrewery.clima.MainActivity"
26-->src\main\AndroidManifest.xml:16:13-41
27            android:configChanges="orientation|keyboardHidden|keyboard|screenSize|locale|layoutDirection|fontScale|screenLayout|density|uiMode"
27-->src\main\AndroidManifest.xml:19:13-144
28            android:hardwareAccelerated="true"
28-->src\main\AndroidManifest.xml:20:13-47
29            android:launchMode="singleTop"
29-->src\main\AndroidManifest.xml:17:13-43
30            android:theme="@style/LaunchTheme"
30-->src\main\AndroidManifest.xml:18:13-47
31            android:windowSoftInputMode="adjustResize" >
31-->src\main\AndroidManifest.xml:21:13-55
32
33            <!--
34                 This keeps the window background of the activity showing
35                 until Flutter renders its first frame. It can be removed if
36                 there is no splash screen (such as the default splash screen
37                 defined in @style/LaunchTheme).
38            -->
39            <meta-data
39-->src\main\AndroidManifest.xml:26:13-28:40
40                android:name="io.flutter.app.android.SplashScreenUntilFirstFrame"
40-->src\main\AndroidManifest.xml:27:17-82
41                android:value="true" />
41-->src\main\AndroidManifest.xml:28:17-37
42
43            <intent-filter>
43-->src\main\AndroidManifest.xml:29:13-32:29
44                <action android:name="android.intent.action.MAIN" />
44-->src\main\AndroidManifest.xml:30:17-68
44-->src\main\AndroidManifest.xml:30:25-66
45
46                <category android:name="android.intent.category.LAUNCHER" />
46-->src\main\AndroidManifest.xml:31:17-76
46-->src\main\AndroidManifest.xml:31:27-74
47            </intent-filter>
48        </activity>
49        <activity
49-->[com.google.android.gms:play-services-base:17.0.0] AndroidManifest.xml:23:9-26:75
50            android:name="com.google.android.gms.common.api.GoogleApiActivity"
50-->[com.google.android.gms:play-services-base:17.0.0] AndroidManifest.xml:24:13-79
51            android:exported="false"
51-->[com.google.android.gms:play-services-base:17.0.0] AndroidManifest.xml:25:13-37
52            android:theme="@android:style/Theme.Translucent.NoTitleBar" />
52-->[com.google.android.gms:play-services-base:17.0.0] AndroidManifest.xml:26:13-72
53
54        <meta-data
54-->[com.google.android.gms:play-services-basement:17.0.0] AndroidManifest.xml:23:9-25:69
55            android:name="com.google.android.gms.version"
55-->[com.google.android.gms:play-services-basement:17.0.0] AndroidManifest.xml:24:13-58
56            android:value="@integer/google_play_services_version" />
56-->[com.google.android.gms:play-services-basement:17.0.0] AndroidManifest.xml:25:13-66
57    </application>
58
59</manifest>